生成启动时间为 2015/1/26 22:47:53。
     1>项目“F:\Programming Exercise\Data Structures and Algorithm Analysis in C\List_Sample\List_Sample\List_Sample.vcxproj”在节点 2 上(build 个目标)。
     1>InitializeBuildStatus:
         正在创建“Debug\List_Sample.unsuccessfulbuild”，因为已指定“AlwaysCreate”。
       ClCompile:
         d:\Visual Studio 2010\VC\bin\CL.exe /c /ZI /nologo /W3 /WX- /Od /Oy- /D WIN32 /D _DEBUG /D _CONSOLE /D _UNICODE /D UNICODE /Gm /EHsc /RTC1 /MDd /GS /fp:precise /Zc:wchar_t /Zc:forScope /Fo"Debug\\" /Fd"Debug\vc100.pdb" /Gd /TC /analyze- /errorReport:prompt Main.c
         Main.c
     1>f:\programming exercise\data structures and algorithm analysis in c\list_sample\list_sample\main.c(12): warning C4013: “InitEmpty”未定义；假设外部返回 int
     1>f:\programming exercise\data structures and algorithm analysis in c\list_sample\list_sample\main.c(12): warning C4047: “=”:“List”与“int”的间接级别不同
       ManifestResourceCompile:
         所有输出均为最新。
       Link:
         d:\Visual Studio 2010\VC\bin\link.exe /ERRORREPORT:PROMPT /OUT:"F:\Programming Exercise\Data Structures and Algorithm Analysis in C\List_Sample\Debug\List_Sample.exe" /INCREMENTAL /NOLOGO opencv_ml249d.lib opencv_calib3d249d.lib opencv_contrib249d.lib opencv_core249d.lib opencv_features2d249d.lib opencv_flann249d.lib opencv_gpu249d.lib opencv_highgui249d.lib opencv_imgproc249d.lib opencv_legacy249d.lib opencv_objdetect249d.lib opencv_ts249d.lib opencv_video249d.lib opencv_nonfree249d.lib opencv_ocl249d.lib opencv_photo249d.lib opencv_stitching249d.lib opencv_superres249d.lib opencv_videostab249d.lib opencv_objdetect249.lib opencv_ts249.lib opencv_video249.lib opencv_nonfree249.lib opencv_ocl249.lib opencv_photo249.lib opencv_stitching249.lib opencv_superres249.lib opencv_videostab249.lib opencv_calib3d249.lib opencv_contrib249.lib opencv_core249.lib opencv_features2d249.lib opencv_flann249.lib opencv_gpu249.lib opencv_highgui249.lib opencv_imgproc249.lib opencv_legacy249.lib opencv_ml249.lib kernel32.lib user32.lib gdi32.lib winspool.lib comdlg32.lib advapi32.lib shell32.lib ole32.lib oleaut32.lib uuid.lib odbc32.lib odbccp32.lib /MANIFEST /ManifestFile:"Debug\List_Sample.exe.intermediate.manifest" /MANIFESTUAC:"level='asInvoker' uiAccess='false'" /DEBUG /PDB:"F:\Programming Exercise\Data Structures and Algorithm Analysis in C\List_Sample\Debug\List_Sample.pdb" /SUBSYSTEM:CONSOLE /TLBID:1 /DYNAMICBASE /NXCOMPAT /IMPLIB:"F:\Programming Exercise\Data Structures and Algorithm Analysis in C\List_Sample\Debug\List_Sample.lib" /MACHINE:X86 Debug\List_Sample.exe.embed.manifest.res
         Debug\List_Sample.obj
         Debug\Main.obj
       Manifest:
         C:\Program Files\Microsoft SDKs\Windows\v7.0A\bin\mt.exe /nologo /verbose /out:"Debug\List_Sample.exe.embed.manifest" /manifest Debug\List_Sample.exe.intermediate.manifest
         所有输出均为最新。
       LinkEmbedManifest:
         所有输出均为最新。
         List_Sample.vcxproj -> F:\Programming Exercise\Data Structures and Algorithm Analysis in C\List_Sample\Debug\List_Sample.exe
       FinalizeBuildStatus:
         正在删除文件“Debug\List_Sample.unsuccessfulbuild”。
         正在对“Debug\List_Sample.lastbuildstate”执行 Touch 任务。
     1>已完成生成项目“F:\Programming Exercise\Data Structures and Algorithm Analysis in C\List_Sample\List_Sample\List_Sample.vcxproj”(build 个目标)的操作。

生成成功。

已用时间 00:00:01.01
